mode: set
whatsapp-client/daemon.go:22.25,25.2 2 0
whatsapp-client/daemon.go:27.32,29.2 1 0
whatsapp-client/daemon.go:31.38,33.50 2 0
whatsapp-client/daemon.go:33.50,36.3 2 0
whatsapp-client/daemon.go:37.2,37.14 1 0
whatsapp-client/daemon.go:40.24,42.41 2 0
whatsapp-client/daemon.go:42.41,44.3 1 0
whatsapp-client/daemon.go:45.2,46.16 2 0
whatsapp-client/daemon.go:46.16,48.3 1 0
whatsapp-client/daemon.go:49.2,54.32 6 0
whatsapp-client/daemon.go:57.21,58.19 1 0
whatsapp-client/daemon.go:58.19,61.3 2 0
whatsapp-client/daemon.go:64.30,66.27 2 0
whatsapp-client/daemon.go:66.27,67.46 1 0
whatsapp-client/daemon.go:67.46,69.4 1 0
whatsapp-client/daemon.go:72.2,72.30 1 0
whatsapp-client/daemon.go:72.30,76.3 3 0
whatsapp-client/daemon.go:78.2,78.13 1 0
whatsapp-client/daemon.go:78.13,82.43 3 0
whatsapp-client/daemon.go:82.43,84.4 1 0
whatsapp-client/daemon.go:86.3,88.53 2 0
whatsapp-client/daemon.go:91.2,98.16 6 0
whatsapp-client/daemon.go:98.16,101.3 2 0
whatsapp-client/daemon.go:103.2,104.16 2 0
whatsapp-client/daemon.go:104.16,105.27 1 0
whatsapp-client/daemon.go:105.27,107.4 1 0
whatsapp-client/daemon.go:107.9,110.4 2 0
whatsapp-client/daemon.go:113.2,114.28 2 0
whatsapp-client/daemon.go:114.28,118.3 3 0
whatsapp-client/daemon.go:121.2,122.16 2 0
whatsapp-client/daemon.go:122.16,124.3 1 0
whatsapp-client/daemon.go:126.2,128.47 3 0
whatsapp-client/daemon.go:128.47,129.26 1 0
whatsapp-client/daemon.go:130.26,131.11 1 0
whatsapp-client/daemon.go:132.38,132.38 0 0
whatsapp-client/daemon.go:133.12,133.12 0 0
whatsapp-client/daemon.go:135.28,136.27 1 0
whatsapp-client/daemon.go:136.27,140.5 3 0
whatsapp-client/daemon.go:144.2,145.41 2 0
whatsapp-client/daemon.go:145.41,148.3 2 0
whatsapp-client/daemon.go:150.2,151.26 2 0
whatsapp-client/daemon.go:151.26,152.26 1 0
whatsapp-client/daemon.go:152.26,155.4 2 0
whatsapp-client/daemon.go:155.9,155.36 1 0
whatsapp-client/daemon.go:155.36,157.9 2 0
whatsapp-client/daemon.go:161.2,161.9 1 0
whatsapp-client/daemon.go:162.16,163.66 1 0
whatsapp-client/daemon.go:164.37,166.13 2 0
whatsapp-client/daemon.go:169.2,169.9 1 0
whatsapp-client/daemon.go:170.24,175.27 4 0
whatsapp-client/daemon.go:175.27,177.4 1 0
whatsapp-client/daemon.go:178.38,179.106 1 0
whatsapp-client/daemon.go:182.2,182.25 1 0
whatsapp-client/daemon.go:182.25,184.3 1 0
whatsapp-client/daemon.go:185.2,188.13 2 0
whatsapp-client/daemon.go:188.13,190.43 2 0
whatsapp-client/daemon.go:190.43,193.4 2 0
whatsapp-client/daemon.go:197.25,229.72 9 0
whatsapp-client/daemon.go:229.72,232.3 2 0
whatsapp-client/daemon.go:234.2,235.71 2 0
whatsapp-client/daemon.go:235.71,238.3 2 0
whatsapp-client/daemon.go:239.2,240.35 2 0
whatsapp-client/daemon.go:243.17,246.71 3 0
whatsapp-client/daemon.go:246.71,249.3 2 0
whatsapp-client/daemon.go:250.2,250.36 1 0
whatsapp-client/daemon.go:253.16,255.73 2 0
whatsapp-client/daemon.go:255.73,258.3 2 0
whatsapp-client/daemon.go:259.2,259.36 1 0
whatsapp-client/daemon.go:262.19,265.71 3 0
whatsapp-client/daemon.go:265.71,268.3 2 0
whatsapp-client/daemon.go:269.2,269.38 1 0
whatsapp-client/daemon.go:272.21,275.64 3 0
whatsapp-client/daemon.go:275.64,277.3 1 0
whatsapp-client/daemon.go:277.8,277.23 1 0
whatsapp-client/daemon.go:277.23,279.3 1 0
whatsapp-client/daemon.go:282.17,286.49 3 0
whatsapp-client/daemon.go:286.49,289.3 2 0
whatsapp-client/daemon.go:290.2,290.43 1 0
whatsapp-client/daemon.go:290.43,293.3 2 0
whatsapp-client/daemon.go:294.2,294.44 1 0
whatsapp-client/daemon.go:297.21,304.49 5 0
whatsapp-client/daemon.go:304.49,308.27 4 0
whatsapp-client/daemon.go:308.27,309.83 1 0
whatsapp-client/daemon.go:309.83,311.5 1 0
whatsapp-client/daemon.go:313.3,314.25 2 0
whatsapp-client/daemon.go:314.25,317.4 2 0
whatsapp-client/daemon.go:319.2,321.94 2 0
whatsapp-client/daemon.go:321.94,323.3 1 0
whatsapp-client/daemon.go:323.8,325.3 1 0
whatsapp-client/daemon.go:328.16,338.60 8 0
whatsapp-client/daemon.go:338.60,340.3 1 0
whatsapp-client/daemon.go:340.8,342.3 1 0
whatsapp-client/daemon.go:343.2,347.41 4 0
whatsapp-client/daemon.go:347.41,349.17 2 0
whatsapp-client/daemon.go:349.17,355.31 6 0
whatsapp-client/daemon.go:355.31,357.5 1 0
whatsapp-client/daemon.go:357.10,359.5 1 0
whatsapp-client/daemon.go:360.9,362.4 1 0
whatsapp-client/daemon.go:363.8,365.3 1 0
whatsapp-client/daemon.go:367.2,368.42 2 0
whatsapp-client/daemon.go:368.42,370.17 2 0
whatsapp-client/daemon.go:370.17,378.4 7 0
whatsapp-client/daemon.go:379.8,381.3 1 0
whatsapp-client/daemon.go:382.2,386.42 4 0
whatsapp-client/daemon.go:386.42,390.33 4 0
whatsapp-client/daemon.go:390.33,392.4 1 0
whatsapp-client/daemon.go:392.9,394.4 1 0
whatsapp-client/daemon.go:395.3,396.69 2 0
whatsapp-client/daemon.go:397.8,399.3 1 0
whatsapp-client/daemon.go:416.35,417.15 1 0
whatsapp-client/daemon.go:418.14,419.25 1 0
whatsapp-client/daemon.go:420.13,421.24 1 0
whatsapp-client/daemon.go:422.10,424.13 2 0
whatsapp-client/daemon.go:428.29,446.2 1 0
whatsapp-client/daemon.go:448.28,486.2 1 0
whatsapp-client/datadir.go:14.23,15.24 1 0
whatsapp-client/datadir.go:15.24,17.17 2 0
whatsapp-client/datadir.go:17.17,19.4 1 0
whatsapp-client/datadir.go:20.3,20.72 1 0
whatsapp-client/datadir.go:22.2,22.21 1 0
whatsapp-client/fuzzy.go:7.48,8.32 1 1
whatsapp-client/fuzzy.go:8.32,10.3 1 1
whatsapp-client/fuzzy.go:11.2,11.32 1 1
whatsapp-client/fuzzy.go:11.32,13.3 1 1
whatsapp-client/fuzzy.go:15.2,23.26 7 1
whatsapp-client/fuzzy.go:23.26,24.27 1 1
whatsapp-client/fuzzy.go:24.27,25.26 1 1
whatsapp-client/fuzzy.go:25.26,27.5 1 1
whatsapp-client/fuzzy.go:27.10,27.34 1 1
whatsapp-client/fuzzy.go:27.34,29.5 1 1
whatsapp-client/fuzzy.go:29.10,31.5 1 1
whatsapp-client/fuzzy.go:33.3,33.38 1 1
whatsapp-client/fuzzy.go:35.2,36.42 2 1
whatsapp-client/fuzzy.go:42.42,44.2 1 1
whatsapp-client/fuzzy.go:46.70,47.16 1 1
whatsapp-client/fuzzy.go:47.16,49.3 1 1
whatsapp-client/fuzzy.go:50.2,53.29 3 1
whatsapp-client/fuzzy.go:53.29,55.3 1 1
whatsapp-client/fuzzy.go:56.2,56.24 1 1
whatsapp-client/fuzzy.go:56.24,58.3 1 1
whatsapp-client/fuzzy.go:60.2,62.28 3 1
whatsapp-client/fuzzy.go:62.28,64.29 2 1
whatsapp-client/fuzzy.go:64.29,65.78 1 1
whatsapp-client/fuzzy.go:65.78,67.10 2 1
whatsapp-client/fuzzy.go:70.3,70.13 1 1
whatsapp-client/fuzzy.go:70.13,72.4 1 1
whatsapp-client/fuzzy.go:74.2,74.13 1 1
whatsapp-client/fuzzy.go:78.31,80.30 2 1
whatsapp-client/fuzzy.go:80.30,82.27 2 1
whatsapp-client/fuzzy.go:82.27,84.4 1 1
whatsapp-client/fuzzy.go:85.3,85.11 1 1
whatsapp-client/fuzzy.go:87.2,87.18 1 1
whatsapp-client/fuzzy.go:90.54,92.2 1 1
whatsapp-client/fuzzy.go:94.40,96.33 2 1
whatsapp-client/fuzzy.go:96.33,97.22 1 1
whatsapp-client/fuzzy.go:97.22,99.4 1 1
whatsapp-client/fuzzy.go:101.2,101.11 1 1
whatsapp-client/fuzzy.go:104.36,107.22 3 1
whatsapp-client/fuzzy.go:107.22,108.54 1 1
whatsapp-client/fuzzy.go:108.54,109.18 1 1
whatsapp-client/fuzzy.go:109.18,112.5 2 1
whatsapp-client/fuzzy.go:113.9,113.23 1 1
whatsapp-client/fuzzy.go:113.23,115.4 1 1
whatsapp-client/fuzzy.go:117.2,117.16 1 1
whatsapp-client/fuzzy.go:117.16,119.3 1 1
whatsapp-client/fuzzy.go:120.2,120.14 1 1
whatsapp-client/main.go:35.54,36.16 1 0
whatsapp-client/main.go:36.16,38.3 1 0
whatsapp-client/main.go:40.2,40.47 1 0
whatsapp-client/main.go:40.47,42.3 1 0
whatsapp-client/main.go:43.2,43.53 1 0
whatsapp-client/main.go:43.53,45.3 1 0
whatsapp-client/main.go:46.2,46.36 1 0
whatsapp-client/main.go:46.36,48.3 1 0
whatsapp-client/main.go:49.2,49.44 1 0
whatsapp-client/main.go:49.44,50.41 1 0
whatsapp-client/main.go:50.41,52.4 1 0
whatsapp-client/main.go:53.3,53.19 1 0
whatsapp-client/main.go:55.2,55.42 1 0
whatsapp-client/main.go:55.42,57.3 1 0
whatsapp-client/main.go:58.2,58.49 1 0
whatsapp-client/main.go:58.49,60.3 1 0
whatsapp-client/main.go:61.2,61.41 1 0
whatsapp-client/main.go:61.41,63.3 1 0
whatsapp-client/main.go:64.2,64.52 1 0
whatsapp-client/main.go:64.52,65.41 1 0
whatsapp-client/main.go:65.41,67.4 1 0
whatsapp-client/main.go:68.3,68.24 1 0
whatsapp-client/main.go:70.2,70.73 1 0
whatsapp-client/main.go:70.73,72.18 2 0
whatsapp-client/main.go:72.18,74.4 1 0
whatsapp-client/main.go:75.3,75.29 1 0
whatsapp-client/main.go:77.2,77.77 1 0
whatsapp-client/main.go:77.77,79.18 2 0
whatsapp-client/main.go:79.18,81.4 1 0
whatsapp-client/main.go:83.2,83.33 1 0
whatsapp-client/main.go:83.33,85.3 1 0
whatsapp-client/main.go:86.2,86.41 1 0
whatsapp-client/main.go:86.41,88.3 1 0
whatsapp-client/main.go:89.2,89.45 1 0
whatsapp-client/main.go:89.45,91.3 1 0
whatsapp-client/main.go:92.2,92.36 1 0
whatsapp-client/main.go:92.36,94.3 1 0
whatsapp-client/main.go:95.2,95.44 1 0
whatsapp-client/main.go:95.44,97.3 1 0
whatsapp-client/main.go:98.2,98.123 1 0
whatsapp-client/main.go:98.123,100.3 1 0
whatsapp-client/main.go:101.2,101.39 1 0
whatsapp-client/main.go:101.39,103.3 1 0
whatsapp-client/main.go:105.2,105.11 1 0
whatsapp-client/main.go:122.119,123.27 1 0
whatsapp-client/main.go:123.27,125.3 1 0
whatsapp-client/main.go:128.2,134.11 4 0
whatsapp-client/main.go:134.11,137.17 2 0
whatsapp-client/main.go:137.17,139.4 1 0
whatsapp-client/main.go:140.8,146.3 1 0
whatsapp-client/main.go:148.2,151.21 2 0
whatsapp-client/main.go:151.21,154.17 2 0
whatsapp-client/main.go:154.17,156.4 1 0
whatsapp-client/main.go:159.3,164.18 4 0
whatsapp-client/main.go:166.22,168.27 2 0
whatsapp-client/main.go:169.14,171.26 2 0
whatsapp-client/main.go:172.14,174.26 2 0
whatsapp-client/main.go:175.15,177.27 2 0
whatsapp-client/main.go:180.14,182.39 2 0
whatsapp-client/main.go:185.14,187.26 2 0
whatsapp-client/main.go:188.14,190.26 2 0
whatsapp-client/main.go:191.14,193.32 2 0
whatsapp-client/main.go:196.11,198.41 2 0
whatsapp-client/main.go:202.3,203.17 2 0
whatsapp-client/main.go:203.17,205.4 1 0
whatsapp-client/main.go:207.3,210.20 2 0
whatsapp-client/main.go:211.29,221.5 1 0
whatsapp-client/main.go:222.29,228.41 3 0
whatsapp-client/main.go:228.41,230.19 2 0
whatsapp-client/main.go:230.19,233.6 2 0
whatsapp-client/main.go:233.11,235.6 1 0
whatsapp-client/main.go:236.10,238.5 1 0
whatsapp-client/main.go:240.4,251.5 1 0
whatsapp-client/main.go:252.29,262.5 1 0
whatsapp-client/main.go:263.32,274.5 1 0
whatsapp-client/main.go:276.8,278.3 1 0
whatsapp-client/main.go:281.2,283.16 2 0
whatsapp-client/main.go:283.16,285.3 1 0
whatsapp-client/main.go:287.2,287.59 1 0
whatsapp-client/main.go:291.170,292.16 1 0
whatsapp-client/main.go:292.16,294.3 1 0
whatsapp-client/main.go:297.2,297.46 1 0
whatsapp-client/main.go:297.46,300.3 1 0
whatsapp-client/main.go:303.2,303.46 1 0
whatsapp-client/main.go:303.46,306.3 1 0
whatsapp-client/main.go:309.2,309.46 1 0
whatsapp-client/main.go:309.46,312.3 1 0
whatsapp-client/main.go:315.2,315.49 1 0
whatsapp-client/main.go:315.49,317.21 2 0
whatsapp-client/main.go:317.21,319.4 1 0
whatsapp-client/main.go:320.3,321.101 1 0
whatsapp-client/main.go:324.2,324.37 1 0
whatsapp-client/main.go:328.116,338.16 5 0
whatsapp-client/main.go:338.16,340.3 1 0
whatsapp-client/main.go:343.2,349.38 3 0
whatsapp-client/main.go:349.38,351.3 1 0
whatsapp-client/main.go:354.2,370.16 2 0
whatsapp-client/main.go:370.16,372.3 1 0
whatsapp-client/main.go:372.8,376.24 3 0
whatsapp-client/main.go:376.24,378.4 1 0
whatsapp-client/main.go:381.3,381.22 1 0
whatsapp-client/main.go:381.22,383.4 1 0
whatsapp-client/main.go:383.9,383.27 1 0
whatsapp-client/main.go:383.27,385.4 1 0
whatsapp-client/main.go:415.50,417.2 1 0
whatsapp-client/main.go:420.43,422.2 1 0
whatsapp-client/main.go:425.48,427.2 1 0
whatsapp-client/main.go:430.50,432.2 1 0
whatsapp-client/main.go:435.50,437.2 1 0
whatsapp-client/main.go:440.53,442.2 1 0
whatsapp-client/main.go:445.62,447.2 1 0
whatsapp-client/main.go:450.139,464.16 8 0
whatsapp-client/main.go:464.16,471.17 2 0
whatsapp-client/main.go:471.17,473.4 1 0
whatsapp-client/main.go:477.2,477.21 1 0
whatsapp-client/main.go:477.21,479.3 1 0
whatsapp-client/main.go:482.2,482.51 1 0
whatsapp-client/main.go:482.51,484.3 1 0
whatsapp-client/main.go:487.2,491.16 3 0
whatsapp-client/main.go:491.16,493.3 1 0
whatsapp-client/main.go:496.2,496.46 1 0
whatsapp-client/main.go:496.46,499.3 1 0
whatsapp-client/main.go:502.2,502.107 1 0
whatsapp-client/main.go:502.107,504.3 1 0
whatsapp-client/main.go:506.2,513.19 4 0
whatsapp-client/main.go:514.15,515.37 1 0
whatsapp-client/main.go:516.15,517.37 1 0
whatsapp-client/main.go:518.15,519.37 1 0
whatsapp-client/main.go:520.18,521.40 1 0
whatsapp-client/main.go:522.10,523.80 1 0
whatsapp-client/main.go:526.2,538.16 3 0
whatsapp-client/main.go:538.16,540.3 1 0
whatsapp-client/main.go:543.2,543.65 1 0
whatsapp-client/main.go:543.65,545.3 1 0
whatsapp-client/main.go:547.2,548.48 2 0
whatsapp-client/main.go:552.50,558.20 2 0
whatsapp-client/main.go:558.20,560.3 1 0
whatsapp-client/main.go:562.2,568.23 3 0
whatsapp-client/main.go:572.86,574.76 1 0
whatsapp-client/main.go:574.76,576.34 1 0
whatsapp-client/main.go:576.34,579.4 2 0
whatsapp-client/main.go:582.3,583.62 2 0
whatsapp-client/main.go:583.62,586.4 2 0
whatsapp-client/main.go:589.3,589.26 1 0
whatsapp-client/main.go:589.26,592.4 2 0
whatsapp-client/main.go:594.3,594.47 1 0
whatsapp-client/main.go:594.47,597.4 2 0
whatsapp-client/main.go:599.3,608.15 5 0
whatsapp-client/main.go:608.15,610.4 1 0
whatsapp-client/main.go:613.3,616.5 1 0
whatsapp-client/main.go:620.2,620.80 1 0
whatsapp-client/main.go:620.80,622.34 1 0
whatsapp-client/main.go:622.34,625.4 2 0
whatsapp-client/main.go:628.3,629.62 2 0
whatsapp-client/main.go:629.62,632.4 2 0
whatsapp-client/main.go:635.3,635.47 1 0
whatsapp-client/main.go:635.47,638.4 2 0
whatsapp-client/main.go:641.3,647.29 3 0
whatsapp-client/main.go:647.29,649.18 2 0
whatsapp-client/main.go:649.18,651.5 1 0
whatsapp-client/main.go:653.4,658.10 3 0
whatsapp-client/main.go:662.3,667.5 1 0
whatsapp-client/main.go:671.2,675.12 3 0
whatsapp-client/main.go:675.12,676.62 1 0
whatsapp-client/main.go:676.62,678.4 1 0
whatsapp-client/main.go:682.19,701.2 18 0
whatsapp-client/main.go:703.13,704.22 1 0
whatsapp-client/main.go:704.22,707.3 2 0
whatsapp-client/main.go:709.2,712.13 3 0
whatsapp-client/main.go:713.15,715.9 2 0
whatsapp-client/main.go:716.13,718.9 2 0
whatsapp-client/main.go:719.24,721.9 2 0
whatsapp-client/main.go:722.19,724.9 2 0
whatsapp-client/main.go:725.15,727.9 2 0
whatsapp-client/main.go:728.14,730.9 2 0
whatsapp-client/main.go:731.17,733.9 2 0
whatsapp-client/main.go:734.15,736.9 2 0
whatsapp-client/main.go:737.14,739.9 2 0
whatsapp-client/main.go:740.21,742.20 2 0
whatsapp-client/main.go:742.20,744.4 1 0
whatsapp-client/main.go:745.3,746.9 2 0
whatsapp-client/main.go:747.14,748.17 1 0
whatsapp-client/main.go:749.10,752.13 3 0
whatsapp-client/main.go:756.2,764.47 5 0
whatsapp-client/main.go:764.47,767.3 2 0
whatsapp-client/main.go:769.2,770.16 2 0
whatsapp-client/main.go:770.16,773.3 2 0
whatsapp-client/main.go:776.2,777.16 2 0
whatsapp-client/main.go:777.16,778.27 1 0
whatsapp-client/main.go:778.27,782.4 2 0
whatsapp-client/main.go:782.9,785.4 2 0
whatsapp-client/main.go:789.2,790.19 2 0
whatsapp-client/main.go:790.19,793.3 2 0
whatsapp-client/main.go:796.2,797.16 2 0
whatsapp-client/main.go:797.16,800.3 2 0
whatsapp-client/main.go:801.2,804.47 2 0
whatsapp-client/main.go:804.47,805.26 1 0
whatsapp-client/main.go:806.24,808.50 1 0
whatsapp-client/main.go:810.28,812.54 1 0
whatsapp-client/main.go:814.26,815.41 1 0
whatsapp-client/main.go:817.26,818.74 1 0
whatsapp-client/main.go:823.2,826.28 2 0
whatsapp-client/main.go:826.28,830.17 3 0
whatsapp-client/main.go:830.17,833.4 2 0
whatsapp-client/main.go:836.3,836.27 1 0
whatsapp-client/main.go:836.27,837.27 1 0
whatsapp-client/main.go:837.27,840.5 2 0
whatsapp-client/main.go:840.10,840.37 1 0
whatsapp-client/main.go:840.37,842.10 2 0
whatsapp-client/main.go:847.3,847.10 1 0
whatsapp-client/main.go:848.20,849.62 1 0
whatsapp-client/main.go:850.38,852.10 2 0
whatsapp-client/main.go:854.8,857.17 2 0
whatsapp-client/main.go:857.17,860.4 2 0
whatsapp-client/main.go:861.3,861.20 1 0
whatsapp-client/main.go:865.2,867.27 2 0
whatsapp-client/main.go:867.27,870.3 2 0
whatsapp-client/main.go:872.2,888.21 8 0
whatsapp-client/main.go:892.172,898.136 4 0
whatsapp-client/main.go:898.136,901.3 2 0
whatsapp-client/main.go:904.2,906.26 2 0
whatsapp-client/main.go:906.26,911.26 2 0
whatsapp-client/main.go:911.26,914.45 3 0
whatsapp-client/main.go:914.45,917.156 2 0
whatsapp-client/main.go:917.156,920.6 2 0
whatsapp-client/main.go:922.5,922.121 1 0
whatsapp-client/main.go:922.121,925.6 2 0
whatsapp-client/main.go:928.4,928.48 1 0
whatsapp-client/main.go:928.48,930.5 1 0
whatsapp-client/main.go:930.10,930.49 1 0
whatsapp-client/main.go:930.49,932.5 1 0
whatsapp-client/main.go:935.3,935.17 1 0
whatsapp-client/main.go:935.17,937.42 2 0
whatsapp-client/main.go:937.42,939.5 1 0
whatsapp-client/main.go:939.10,941.5 1 0
whatsapp-client/main.go:944.3,944.45 1 0
whatsapp-client/main.go:945.8,950.43 3 0
whatsapp-client/main.go:950.43,952.4 1 0
whatsapp-client/main.go:952.9,952.50 1 0
whatsapp-client/main.go:952.50,954.4 1 0
whatsapp-client/main.go:954.9,954.26 1 0
whatsapp-client/main.go:954.26,956.4 1 0
whatsapp-client/main.go:956.9,958.4 1 0
whatsapp-client/main.go:960.3,960.47 1 0
whatsapp-client/main.go:964.2,965.101 2 0
whatsapp-client/main.go:965.101,968.3 2 0
whatsapp-client/main.go:970.2,970.13 1 0
whatsapp-client/main.go:974.132,978.62 3 0
whatsapp-client/main.go:978.62,979.29 1 0
whatsapp-client/main.go:979.29,980.12 1 0
whatsapp-client/main.go:983.3,986.17 3 0
whatsapp-client/main.go:986.17,988.12 2 0
whatsapp-client/main.go:991.3,996.69 2 0
whatsapp-client/main.go:996.69,998.53 2 0
whatsapp-client/main.go:998.53,999.30 1 0
whatsapp-client/main.go:999.30,1001.6 1 0
whatsapp-client/main.go:1003.4,1003.22 1 0
whatsapp-client/main.go:1003.22,1005.5 1 0
whatsapp-client/main.go:1008.3,1009.24 2 0
whatsapp-client/main.go:1009.24,1011.52 2 0
whatsapp-client/main.go:1011.52,1012.13 1 0
whatsapp-client/main.go:1015.4,1016.62 2 0
whatsapp-client/main.go:1016.62,1018.5 1 0
whatsapp-client/main.go:1018.10,1019.13 1 0
whatsapp-client/main.go:1022.4,1024.33 2 0
whatsapp-client/main.go:1024.33,1025.41 1 0
whatsapp-client/main.go:1025.41,1026.14 1 0
whatsapp-client/main.go:1030.5,1031.35 2 0
whatsapp-client/main.go:1031.35,1033.6 1 0
whatsapp-client/main.go:1035.5,1039.35 4 0
whatsapp-client/main.go:1039.35,1041.6 1 0
whatsapp-client/main.go:1043.5,1043.41 1 0
whatsapp-client/main.go:1043.41,1044.14 1 0
whatsapp-client/main.go:1050.5,1052.31 3 0
whatsapp-client/main.go:1052.31,1053.39 1 0
whatsapp-client/main.go:1053.39,1055.7 1 0
whatsapp-client/main.go:1057.5,1057.17 1 0
whatsapp-client/main.go:1057.17,1059.6 1 0
whatsapp-client/main.go:1059.11,1061.108 1 0
whatsapp-client/main.go:1061.108,1063.7 1 0
whatsapp-client/main.go:1065.6,1065.90 1 0
whatsapp-client/main.go:1065.90,1067.7 1 0
whatsapp-client/main.go:1069.6,1069.84 1 0
whatsapp-client/main.go:1069.84,1071.7 1 0
whatsapp-client/main.go:1073.6,1073.22 1 0
whatsapp-client/main.go:1073.22,1075.7 1 0
whatsapp-client/main.go:1078.5,1079.60 2 0
whatsapp-client/main.go:1079.60,1081.6 1 0
whatsapp-client/main.go:1083.5,1084.57 2 0
whatsapp-client/main.go:1084.57,1086.6 1 0
whatsapp-client/main.go:1086.11,1087.14 1 0
whatsapp-client/main.go:1090.5,1105.19 2 0
whatsapp-client/main.go:1105.19,1107.6 1 0
whatsapp-client/main.go:1107.11,1109.6 1 0
whatsapp-client/main.go:1114.2,1114.73 1 0
whatsapp-client/main.go:1118.51,1119.19 1 0
whatsapp-client/main.go:1119.19,1122.3 2 0
whatsapp-client/main.go:1124.2,1124.27 1 0
whatsapp-client/main.go:1124.27,1127.3 2 0
whatsapp-client/main.go:1129.2,1129.28 1 0
whatsapp-client/main.go:1129.28,1132.3 2 0
whatsapp-client/main.go:1134.2,1135.23 2 0
whatsapp-client/main.go:1135.23,1138.3 2 0
whatsapp-client/main.go:1140.2,1141.16 2 0
whatsapp-client/main.go:1141.16,1143.3 1 0
whatsapp-client/main.go:1143.8,1145.3 1 0
whatsapp-client/main.go:1149.80,1152.50 1 0
whatsapp-client/main.go:1152.50,1154.3 1 0
whatsapp-client/main.go:1157.2,1163.29 5 0
whatsapp-client/main.go:1163.29,1165.24 1 0
whatsapp-client/main.go:1165.24,1166.9 1 0
whatsapp-client/main.go:1170.3,1170.36 1 0
whatsapp-client/main.go:1170.36,1173.12 2 0
whatsapp-client/main.go:1177.3,1182.36 4 0
whatsapp-client/main.go:1182.36,1183.9 1 0
whatsapp-client/main.go:1185.3,1189.39 3 0
whatsapp-client/main.go:1189.39,1191.4 1 0
whatsapp-client/main.go:1194.3,1194.40 1 0
whatsapp-client/main.go:1194.40,1198.50 3 0
whatsapp-client/main.go:1198.50,1203.36 2 0
whatsapp-client/main.go:1203.36,1208.6 4 0
whatsapp-client/main.go:1213.3,1213.22 1 0
whatsapp-client/main.go:1213.22,1215.4 1 0
whatsapp-client/main.go:1218.3,1218.16 1 0
whatsapp-client/main.go:1221.2,1221.20 1 0
whatsapp-client/main.go:1221.20,1223.3 1 0
whatsapp-client/main.go:1226.2,1226.21 1 0
whatsapp-client/main.go:1226.21,1232.3 3 0
whatsapp-client/main.go:1232.8,1237.3 3 0
whatsapp-client/main.go:1240.2,1240.18 1 0
whatsapp-client/main.go:1240.18,1242.3 1 0
whatsapp-client/main.go:1242.8,1242.27 1 0
whatsapp-client/main.go:1242.27,1244.3 1 0
whatsapp-client/main.go:1247.2,1252.32 3 0
whatsapp-client/main.go:1256.24,1257.11 1 0
whatsapp-client/main.go:1257.11,1259.3 1 0
whatsapp-client/main.go:1260.2,1260.10 1 0
whatsapp-client/main.go:1265.50,1280.26 6 0
whatsapp-client/main.go:1280.26,1300.14 8 0
whatsapp-client/main.go:1300.14,1302.4 1 0
whatsapp-client/main.go:1302.9,1302.23 1 0
whatsapp-client/main.go:1302.23,1304.4 1 0
whatsapp-client/main.go:1306.3,1306.26 1 0
whatsapp-client/main.go:1309.2,1309.17 1 0
whatsapp-client/mcp.go:13.15,15.16 2 0
whatsapp-client/mcp.go:15.16,18.3 2 0
whatsapp-client/mcp.go:19.2,31.45 5 0
whatsapp-client/mcp.go:31.45,34.3 2 0
whatsapp-client/mcp.go:37.61,43.85 1 1
whatsapp-client/mcp.go:43.85,46.17 3 1
whatsapp-client/mcp.go:46.17,48.4 1 0
whatsapp-client/mcp.go:49.3,49.30 1 1
whatsapp-client/mcp.go:52.2,59.85 1 1
whatsapp-client/mcp.go:59.85,66.19 7 1
whatsapp-client/mcp.go:66.19,68.4 1 1
whatsapp-client/mcp.go:69.3,70.17 2 1
whatsapp-client/mcp.go:70.17,72.4 1 0
whatsapp-client/mcp.go:73.3,73.27 1 1
whatsapp-client/mcp.go:76.2,80.85 1 1
whatsapp-client/mcp.go:80.85,84.17 4 1
whatsapp-client/mcp.go:84.17,86.4 1 1
whatsapp-client/mcp.go:87.3,87.26 1 1
whatsapp-client/mcp.go:90.2,93.85 1 1
whatsapp-client/mcp.go:93.85,96.17 3 1
whatsapp-client/mcp.go:96.17,98.4 1 1
whatsapp-client/mcp.go:99.3,99.26 1 1
whatsapp-client/mcp.go:102.2,107.85 1 1
whatsapp-client/mcp.go:107.85,113.17 6 1
whatsapp-client/mcp.go:113.17,115.4 1 0
whatsapp-client/mcp.go:116.3,116.27 1 1
whatsapp-client/mcp.go:121.2,133.85 1 1
whatsapp-client/mcp.go:133.85,146.17 13 1
whatsapp-client/mcp.go:146.17,148.4 1 0
whatsapp-client/mcp.go:149.3,149.44 1 1
whatsapp-client/mcp.go:152.2,157.85 1 1
whatsapp-client/mcp.go:157.85,163.17 6 1
whatsapp-client/mcp.go:163.17,165.4 1 0
whatsapp-client/mcp.go:166.3,166.28 1 1
whatsapp-client/mcp.go:169.2,172.85 1 1
whatsapp-client/mcp.go:172.85,175.17 3 1
whatsapp-client/mcp.go:175.17,177.4 1 0
whatsapp-client/mcp.go:178.3,178.44 1 1
whatsapp-client/mcp.go:183.2,187.85 1 1
whatsapp-client/mcp.go:187.85,191.17 4 1
whatsapp-client/mcp.go:191.17,193.4 1 0
whatsapp-client/mcp.go:194.3,194.80 1 1
whatsapp-client/mcp.go:197.2,201.85 1 1
whatsapp-client/mcp.go:201.85,205.17 4 1
whatsapp-client/mcp.go:205.17,207.4 1 0
whatsapp-client/mcp.go:208.3,208.80 1 1
whatsapp-client/mcp.go:211.2,215.85 1 1
whatsapp-client/mcp.go:215.85,219.17 4 1
whatsapp-client/mcp.go:219.17,221.4 1 0
whatsapp-client/mcp.go:222.3,222.80 1 1
whatsapp-client/mcp.go:227.2,231.85 1 1
whatsapp-client/mcp.go:231.85,235.17 4 1
whatsapp-client/mcp.go:235.17,237.4 1 0
whatsapp-client/mcp.go:238.3,238.124 1 1
whatsapp-client/mcp.go:244.61,246.16 2 1
whatsapp-client/mcp.go:246.16,248.3 1 0
whatsapp-client/mcp.go:249.2,249.49 1 1
whatsapp-client/mcp.go:252.67,253.28 1 1
whatsapp-client/mcp.go:253.28,254.24 1 1
whatsapp-client/mcp.go:255.16,256.17 1 1
whatsapp-client/mcp.go:257.12,258.12 1 1
whatsapp-client/mcp.go:261.2,261.12 1 1
whatsapp-client/mcp.go:264.70,265.28 1 1
whatsapp-client/mcp.go:265.28,266.28 1 1
whatsapp-client/mcp.go:266.28,268.4 1 1
whatsapp-client/mcp.go:270.2,270.12 1 1
whatsapp-client/mcp_service.go:61.68,67.2 1 1
whatsapp-client/mcp_service.go:71.59,74.24 3 1
whatsapp-client/mcp_service.go:74.24,76.3 1 1
whatsapp-client/mcp_service.go:76.8,78.3 1 1
whatsapp-client/mcp_service.go:79.2,80.25 2 1
whatsapp-client/mcp_service.go:80.25,82.3 1 1
whatsapp-client/mcp_service.go:83.2,84.19 2 1
whatsapp-client/mcp_service.go:84.19,86.3 1 1
whatsapp-client/mcp_service.go:87.2,88.19 2 1
whatsapp-client/mcp_service.go:91.63,92.20 1 1
whatsapp-client/mcp_service.go:92.20,94.3 1 1
whatsapp-client/mcp_service.go:95.2,96.25 2 1
whatsapp-client/mcp_service.go:96.25,98.3 1 1
whatsapp-client/mcp_service.go:99.2,99.19 1 1
whatsapp-client/mcp_service.go:104.160,105.17 1 1
whatsapp-client/mcp_service.go:105.17,107.3 1 1
whatsapp-client/mcp_service.go:108.2,108.118 1 1
whatsapp-client/mcp_service.go:111.166,116.17 4 1
whatsapp-client/mcp_service.go:116.17,119.3 2 1
whatsapp-client/mcp_service.go:120.2,120.18 1 1
whatsapp-client/mcp_service.go:120.18,123.3 2 1
whatsapp-client/mcp_service.go:124.2,124.18 1 1
whatsapp-client/mcp_service.go:124.18,127.3 2 1
whatsapp-client/mcp_service.go:128.2,128.19 1 1
whatsapp-client/mcp_service.go:128.19,131.3 2 1
whatsapp-client/mcp_service.go:132.2,132.20 1 1
whatsapp-client/mcp_service.go:132.20,134.3 1 1
whatsapp-client/mcp_service.go:135.2,141.16 6 1
whatsapp-client/mcp_service.go:141.16,143.3 1 0
whatsapp-client/mcp_service.go:144.2,147.37 3 1
whatsapp-client/mcp_service.go:147.37,149.3 1 1
whatsapp-client/mcp_service.go:150.2,150.36 1 1
whatsapp-client/mcp_service.go:153.168,156.22 2 1
whatsapp-client/mcp_service.go:156.22,158.3 1 1
whatsapp-client/mcp_service.go:159.2,159.25 1 1
whatsapp-client/mcp_service.go:159.25,161.3 1 0
whatsapp-client/mcp_service.go:163.2,164.27 2 1
whatsapp-client/mcp_service.go:164.27,173.17 3 1
whatsapp-client/mcp_service.go:173.17,174.12 1 0
whatsapp-client/mcp_service.go:176.3,176.43 1 1
whatsapp-client/mcp_service.go:176.43,177.12 1 1
whatsapp-client/mcp_service.go:179.3,179.27 1 1
whatsapp-client/mcp_service.go:182.2,182.37 1 1
whatsapp-client/mcp_service.go:182.37,184.3 1 1
whatsapp-client/mcp_service.go:185.2,185.36 1 1
whatsapp-client/mcp_service.go:194.104,205.19 5 1
whatsapp-client/mcp_service.go:205.19,208.3 2 1
whatsapp-client/mcp_service.go:209.2,209.17 1 1
whatsapp-client/mcp_service.go:209.17,212.3 2 1
whatsapp-client/mcp_service.go:213.2,213.18 1 1
whatsapp-client/mcp_service.go:213.18,216.3 2 1
whatsapp-client/mcp_service.go:217.2,221.16 4 1
whatsapp-client/mcp_service.go:221.16,223.3 1 0
whatsapp-client/mcp_service.go:224.2,227.18 3 1
whatsapp-client/mcp_service.go:227.18,229.67 2 1
whatsapp-client/mcp_service.go:229.67,231.4 1 1
whatsapp-client/mcp_service.go:233.2,233.16 1 1
whatsapp-client/mcp_service.go:238.107,250.125 6 1
whatsapp-client/mcp_service.go:250.125,252.3 1 1
whatsapp-client/mcp_service.go:254.2,268.87 4 1
whatsapp-client/mcp_service.go:271.88,280.16 2 1
whatsapp-client/mcp_service.go:280.16,282.3 1 0
whatsapp-client/mcp_service.go:283.2,284.27 2 1
whatsapp-client/mcp_service.go:287.87,289.27 2 1
whatsapp-client/mcp_service.go:289.27,291.17 2 1
whatsapp-client/mcp_service.go:291.17,293.12 2 1
whatsapp-client/mcp_service.go:295.3,297.44 3 1
whatsapp-client/mcp_service.go:299.2,299.17 1 1
whatsapp-client/mcp_service.go:304.115,307.17 2 1
whatsapp-client/mcp_service.go:307.17,310.3 1 1
whatsapp-client/mcp_service.go:312.2,315.17 3 1
whatsapp-client/mcp_service.go:315.17,317.29 2 1
whatsapp-client/mcp_service.go:317.29,319.4 1 1
whatsapp-client/mcp_service.go:320.3,321.36 2 1
whatsapp-client/mcp_service.go:321.36,324.4 2 1
whatsapp-client/mcp_service.go:325.3,325.78 1 1
whatsapp-client/mcp_service.go:328.2,328.20 1 1
whatsapp-client/mcp_service.go:328.20,330.3 1 1
whatsapp-client/mcp_service.go:332.2,332.22 1 1
whatsapp-client/mcp_service.go:332.22,334.3 1 1
whatsapp-client/mcp_service.go:334.8,336.3 1 1
whatsapp-client/mcp_service.go:338.2,343.16 5 1
whatsapp-client/mcp_service.go:343.16,345.3 1 1
whatsapp-client/mcp_service.go:346.2,349.18 3 1
whatsapp-client/mcp_service.go:349.18,355.95 6 1
whatsapp-client/mcp_service.go:355.95,356.12 1 0
whatsapp-client/mcp_service.go:358.3,363.21 2 1
whatsapp-client/mcp_service.go:363.21,366.4 2 1
whatsapp-client/mcp_service.go:367.3,369.23 3 1
whatsapp-client/mcp_service.go:369.23,371.4 1 1
whatsapp-client/mcp_service.go:372.3,372.30 1 1
whatsapp-client/mcp_service.go:374.2,374.19 1 1
whatsapp-client/mcp_service.go:377.61,381.16 3 1
whatsapp-client/mcp_service.go:381.16,383.19 2 1
whatsapp-client/mcp_service.go:383.19,386.37 3 1
whatsapp-client/mcp_service.go:386.37,387.92 1 1
whatsapp-client/mcp_service.go:387.92,389.6 1 1
whatsapp-client/mcp_service.go:394.2,394.56 1 1
whatsapp-client/mcp_service.go:394.56,396.3 1 1
whatsapp-client/mcp_service.go:398.2,399.22 2 1
whatsapp-client/mcp_service.go:399.22,401.3 1 1
whatsapp-client/mcp_service.go:402.2,403.15 2 1
whatsapp-client/mcp_service.go:406.72,407.31 1 1
whatsapp-client/mcp_service.go:407.31,409.3 1 1
whatsapp-client/mcp_service.go:411.2,412.16 2 1
whatsapp-client/mcp_service.go:412.16,414.3 1 0
whatsapp-client/mcp_service.go:415.2,418.18 3 1
whatsapp-client/mcp_service.go:418.18,421.51 3 1
whatsapp-client/mcp_service.go:421.51,422.12 1 0
whatsapp-client/mcp_service.go:424.3,424.83 1 1
whatsapp-client/mcp_service.go:424.83,426.4 1 1
whatsapp-client/mcp_service.go:429.2,429.28 1 1
whatsapp-client/mcp_service.go:429.28,431.3 1 1
whatsapp-client/mcp_service.go:433.2,437.33 4 1
whatsapp-client/mcp_service.go:437.33,440.3 2 1
whatsapp-client/mcp_service.go:441.2,444.16 2 1
whatsapp-client/mcp_service.go:444.16,446.21 2 1
whatsapp-client/mcp_service.go:446.21,448.31 2 1
whatsapp-client/mcp_service.go:448.31,450.5 1 1
whatsapp-client/mcp_service.go:454.2,455.15 2 1
whatsapp-client/mcp_service.go:460.82,463.17 2 1
whatsapp-client/mcp_service.go:463.17,465.3 1 1
whatsapp-client/mcp_service.go:466.2,472.16 6 1
whatsapp-client/mcp_service.go:472.16,474.3 1 1
whatsapp-client/mcp_service.go:476.2,477.20 2 1
whatsapp-client/mcp_service.go:477.20,480.3 2 1
whatsapp-client/mcp_service.go:481.2,483.22 3 1
whatsapp-client/mcp_service.go:483.22,485.3 1 1
whatsapp-client/mcp_service.go:486.2,486.19 1 1
whatsapp-client/mcp_service.go:489.77,499.16 6 1
whatsapp-client/mcp_service.go:499.16,501.3 1 1
whatsapp-client/mcp_service.go:502.2,503.20 2 1
whatsapp-client/mcp_service.go:503.20,506.3 2 1
whatsapp-client/mcp_service.go:507.2,509.22 3 1
whatsapp-client/mcp_service.go:509.22,511.3 1 1
whatsapp-client/mcp_service.go:512.2,512.19 1 1
whatsapp-client/mcp_service.go:515.86,524.16 2 1
whatsapp-client/mcp_service.go:524.16,526.3 1 0
whatsapp-client/mcp_service.go:527.2,530.18 3 1
whatsapp-client/mcp_service.go:530.18,534.81 4 1
whatsapp-client/mcp_service.go:534.81,535.12 1 0
whatsapp-client/mcp_service.go:537.3,538.21 2 1
whatsapp-client/mcp_service.go:538.21,541.4 2 1
whatsapp-client/mcp_service.go:542.3,544.23 3 1
whatsapp-client/mcp_service.go:544.23,546.4 1 1
whatsapp-client/mcp_service.go:547.3,547.30 1 1
whatsapp-client/mcp_service.go:549.2,549.19 1 1
whatsapp-client/mcp_service.go:554.73,561.16 3 1
whatsapp-client/mcp_service.go:561.16,563.3 1 0
whatsapp-client/mcp_service.go:564.2,568.18 4 1
whatsapp-client/mcp_service.go:568.18,571.36 3 1
whatsapp-client/mcp_service.go:571.36,572.12 1 0
whatsapp-client/mcp_service.go:574.3,579.5 2 1
whatsapp-client/mcp_service.go:582.2,582.31 1 1
whatsapp-client/mcp_service.go:582.31,589.17 2 1
whatsapp-client/mcp_service.go:589.17,591.22 2 1
whatsapp-client/mcp_service.go:591.22,594.55 3 1
whatsapp-client/mcp_service.go:594.55,595.14 1 0
whatsapp-client/mcp_service.go:597.5,597.39 1 1
whatsapp-client/mcp_service.go:597.39,598.14 1 1
whatsapp-client/mcp_service.go:600.5,602.16 3 1
whatsapp-client/mcp_service.go:602.16,604.6 1 1
whatsapp-client/mcp_service.go:605.5,609.7 1 1
whatsapp-client/mcp_service.go:614.2,614.24 1 1
whatsapp-client/mcp_service.go:614.24,616.3 1 0
whatsapp-client/mcp_service.go:617.2,617.22 1 1
whatsapp-client/mcp_service.go:622.69,632.16 3 1
whatsapp-client/mcp_service.go:632.16,634.3 1 1
whatsapp-client/mcp_service.go:635.2,635.34 1 1
whatsapp-client/mcp_service.go:663.83,665.2 1 1
whatsapp-client/mcp_service.go:667.82,669.2 1 1
whatsapp-client/mcp_service.go:671.90,673.2 1 1
whatsapp-client/mcp_service.go:675.73,678.16 3 1
whatsapp-client/mcp_service.go:678.16,680.3 1 1
whatsapp-client/mcp_service.go:681.2,684.49 4 1
whatsapp-client/mcp_service.go:684.49,686.3 1 1
whatsapp-client/mcp_service.go:687.2,687.34 1 1
whatsapp-client/mcp_service.go:690.79,693.16 3 1
whatsapp-client/mcp_service.go:693.16,695.3 1 1
whatsapp-client/mcp_service.go:696.2,699.49 4 1
whatsapp-client/mcp_service.go:699.49,701.3 1 1
whatsapp-client/mcp_service.go:702.2,702.16 1 1
whatsapp-client/mcp_service.go:702.16,704.3 1 1
whatsapp-client/mcp_service.go:705.2,705.20 1 1
whatsapp-client/mcp_service.go:710.48,712.18 2 1
whatsapp-client/mcp_service.go:712.18,716.96 4 1
whatsapp-client/mcp_service.go:716.96,717.12 1 0
whatsapp-client/mcp_service.go:719.3,728.5 1 1
whatsapp-client/mcp_service.go:730.2,730.13 1 1
whatsapp-client/mcp_service.go:737.56,742.16 5 1
whatsapp-client/mcp_service.go:742.16,744.3 1 1
whatsapp-client/mcp_service.go:745.2,754.8 1 1
whatsapp-client/mcp_service.go:757.36,759.16 2 1
whatsapp-client/mcp_service.go:759.16,761.17 2 1
whatsapp-client/mcp_service.go:761.17,763.18 2 1
whatsapp-client/mcp_service.go:763.18,765.5 1 1
whatsapp-client/mcp_service.go:768.2,768.10 1 1
whatsapp-client/mcp_service.go:771.40,772.14 1 1
whatsapp-client/mcp_service.go:772.14,774.3 1 1
whatsapp-client/mcp_service.go:775.2,775.11 1 1
whatsapp-client/mcp_service.go:778.34,779.45 1 1
whatsapp-client/mcp_service.go:779.45,781.3 1 1
whatsapp-client/mcp_service.go:782.2,782.12 1 1
whatsapp-client/store.go:28.47,30.47 2 0
whatsapp-client/store.go:30.47,32.3 1 0
whatsapp-client/store.go:34.2,35.16 2 0
whatsapp-client/store.go:35.16,37.3 1 0
whatsapp-client/store.go:41.2,75.16 4 0
whatsapp-client/store.go:75.16,78.3 2 0
whatsapp-client/store.go:82.2,102.18 7 0
whatsapp-client/store.go:102.18,105.19 3 0
whatsapp-client/store.go:105.19,107.4 1 0
whatsapp-client/store.go:110.2,114.16 3 0
whatsapp-client/store.go:114.16,116.3 1 0
whatsapp-client/store.go:118.2,118.19 1 0
whatsapp-client/store.go:121.42,122.29 1 0
whatsapp-client/store.go:122.29,124.3 1 0
whatsapp-client/store.go:125.2,125.25 1 0
whatsapp-client/store.go:128.89,134.2 2 0
whatsapp-client/store.go:137.104,138.38 1 0
whatsapp-client/store.go:138.38,140.3 1 0
whatsapp-client/store.go:142.2,148.12 2 0
whatsapp-client/store.go:151.86,156.16 2 0
whatsapp-client/store.go:156.16,158.3 1 0
whatsapp-client/store.go:159.2,162.18 3 0
whatsapp-client/store.go:162.18,166.17 4 0
whatsapp-client/store.go:166.17,168.4 1 0
whatsapp-client/store.go:169.3,170.35 2 0
whatsapp-client/store.go:173.2,173.22 1 0
whatsapp-client/store.go:176.69,178.16 2 0
whatsapp-client/store.go:178.16,180.3 1 0
whatsapp-client/store.go:181.2,184.18 3 0
whatsapp-client/store.go:184.18,188.17 4 0
whatsapp-client/store.go:188.17,190.4 1 0
whatsapp-client/store.go:191.3,191.31 1 0
whatsapp-client/store.go:194.2,194.19 1 0
whatsapp-client/store.go:197.137,203.2 2 0
whatsapp-client/store.go:205.125,216.2 5 0
whatsapp-client/store.go:220.50,222.2 1 0
whatsapp-client/store.go:227.42,229.2 1 0
whatsapp-client/store.go:231.100,233.16 2 0
whatsapp-client/store.go:233.16,235.3 1 0
whatsapp-client/store.go:236.2,242.16 4 0
whatsapp-client/store.go:242.16,244.3 1 0
whatsapp-client/store.go:245.2,247.39 2 0
whatsapp-client/store.go:247.39,249.3 1 0
whatsapp-client/store.go:250.2,250.20 1 0
whatsapp-client/store.go:255.42,256.13 1 1
whatsapp-client/store.go:256.13,258.3 1 0
whatsapp-client/store.go:259.2,260.17 2 1
whatsapp-client/store.go:260.17,262.3 1 0
whatsapp-client/store.go:263.2,263.21 1 1
whatsapp-client/store.go:263.21,265.3 1 0
whatsapp-client/store.go:266.2,266.30 1 1
whatsapp-client/store.go:266.30,267.25 1 1
whatsapp-client/store.go:267.25,269.4 1 1
whatsapp-client/store.go:271.2,271.13 1 0
whatsapp-client/store.go:280.67,282.53 2 1
whatsapp-client/store.go:282.53,284.3 1 0
whatsapp-client/store.go:287.2,289.75 3 1
whatsapp-client/store.go:289.75,291.3 1 0
whatsapp-client/store.go:293.2,294.75 2 1
whatsapp-client/store.go:294.75,296.3 1 1
whatsapp-client/store.go:299.2,299.29 1 1
whatsapp-client/store.go:299.29,306.34 3 1
whatsapp-client/store.go:306.34,311.18 3 1
whatsapp-client/store.go:311.18,312.13 1 1
whatsapp-client/store.go:314.4,314.47 1 1
whatsapp-client/store.go:314.47,316.5 1 1
whatsapp-client/store.go:317.4,317.47 1 0
whatsapp-client/store.go:317.47,319.5 1 0
whatsapp-client/store.go:323.3,327.52 3 0
whatsapp-client/store.go:327.52,334.18 4 0
whatsapp-client/store.go:334.18,335.48 1 0
whatsapp-client/store.go:335.48,337.6 1 0
whatsapp-client/store.go:338.5,338.48 1 0
whatsapp-client/store.go:338.48,340.6 1 0
whatsapp-client/store.go:344.4,344.13 1 0
whatsapp-client/store.go:348.2,348.18 1 1
